  0:00 InitGame: \sv_floodProtect\1\sv_maxPing\0\sv_minPing\0\sv_maxRate\10000\sv_minRate\0\sv_hostname\Code Miner Server\g_gametype\0\sv_privateClients\2\sv_maxclients\16\sv_allowDownload\0\dmflags\0\fraglimit\20\timelimit\15\g_maxGameClients\0\capturelimit\8\version\ioq3 1.36 linux-x86_64 Apr 12 2009\protocol\68\mapname\q3dm17\gamename\baseq3\g_needpass\0
 15:00 Exit: Timelimit hit.
 20:37 ShutdownGame:
 20:37 InitGame: \sv_floodProtect\1\sv_maxPing\0\sv_minPing\0\sv_maxRate\10000\sv_minRate\0\sv_hostname\Code Miner Server\g_gametype\0\sv_privateClients\2\sv_maxclients\16\sv_allowDownload\0\bot_minplayers\0\dmflags\0\fraglimit\20\timelimit\15\g_maxGameClients\0\capturelimit\8\version\ioq3 1.36 linux-x86_64 Apr 12 2009\protocol\68\mapname\q3dm17\gamename\baseq3\g_needpass\0
 20:38 ClientConnect: 2
 26:09 Item: 2 weapon_rocketlauncher
  0:00 InitGame: \sv_floodProtect\1\sv_maxPing\0\sv_minPing\0\sv_maxRate\10000\sv_minRate\0\sv_hostname\Code Miner Server\g_gametype\0\sv_privateClients\2\sv_maxclients\16\sv_allowDownload\0\dmflags\0\fraglimit\20\timelimit\15\g_maxGameClients\0\capturelimit\8\version\ioq3 1.36 linux-x86_64 Apr 12 2009\protocol\68\mapname\q3dm17\gamename\baseq3\g_needpass\0
  0:25 ClientConnect: 2
  1:47 ShutdownGame:
  1:47 InitGame: \sv_floodProtect\1\sv_maxPing\0\sv_minPing\0\sv_maxRate\10000\sv_minRate\0\sv_hostname\Code Miner Server\g_gametype\0\sv_privateClients\2\sv_maxclients\16\sv_allowDownload\0\bot_minplayers\0\dmflags\0\fraglimit\20\timelimit\15\g_maxGameClients\0\capturelimit\8\version\ioq3 1.36 linux-x86_64 Apr 12 2009\protocol\68\mapname\q3dm17\gamename\baseq3\g_needpass\0
  1:47 ClientConnect: 2
 12:13 ShutdownGame:
 12:13 InitGame: \sv_floodProtect\1\sv_maxPing\0\sv_minPing\0\sv_maxRate\10000\sv_minRate\0\sv_hostname\Code Miner Server\g_gametype\0\sv_privateClients\2\sv_maxclients\16\sv_allowDownload\0\bot_minplayers\0\dmflags\0\fraglimit\20\timelimit\15\g_maxGameClients\0\capturelimit\8\version\ioq3 1.36 linux-x86_64 Apr 12 2009\protocol\68\mapname\q3dm17\gamename\baseq3\g_needpass\0
 12:14 ClientConnect: 2
 54:21 ShutdownGame:
  0:00 InitGame: \capturelimit\8\g_maxGameClients\0\timelimit\15\fraglimit\20\dmflags\0\sv_allowDownload\0\sv_maxclients\16\sv_privateClients\2\g_gametype\0\sv_hostname\Code Miner Server\sv_minRate\0\sv_maxRate\10000\sv_minPing\0\sv_maxPing\0\sv_floodProtect\1\version\ioq3 1.36 linux-x86_64 Apr 12 2009\protocol\68\mapname\q3dm17\gamename\baseq3\g_needpass\0
  0:07 ClientConnect: 2
  3:32 ShutdownGame:
  3:32 InitGame: \capturelimit\8\g_maxGameClients\0\timelimit\15\fraglimit\20\dmflags\0\bot_minplayers\0\sv_allowDownload\0\sv_maxclients\16\sv_privateClients\2\g_gametype\0\sv_hostname\Code Miner Server\sv_minRate\0\sv_maxRate\10000\sv_minPing\0\sv_maxPing\0\sv_floodProtect\1\version\ioq3 1.36 linux-x86_64 Apr 12 2009\protocol\68\mapname\q3dm17\gamename\baseq3\g_needpass\0
  3:32 ClientConnect: 2
 11:22 ShutdownGame:
 11:22 InitGame: \capturelimit\8\g_maxGameClients\0\timelimit\15\fraglimit\20\dmflags\0\bot_minplayers\0\sv_allowDownload\0\sv_maxclients\16\sv_privateClients\2\g_gametype\0\sv_hostname\Code Miner Server\sv_minRate\0\sv_maxRate\10000\sv_minPing\0\sv_maxPing\0\sv_floodProtect\1\version\ioq3 1.36 linux-x86_64 Apr 12 2009\protocol\68\mapname\q3dm17\gamename\baseq3\g_needpass\0
 11:23 ClientConnect: 2
 16:35 ShutdownGame:
 16:35 InitGame: \capturelimit\8\g_maxGameClients\0\timelimit\15\fraglimit\20\dmflags\0\bot_minplayers\0\sv_allowDownload\0\sv_maxclients\16\sv_privateClients\2\g_gametype\0\sv_hostname\Code Miner Server\sv_minRate\0\sv_maxRate\10000\sv_minPing\0\sv_maxPing\0\sv_floodProtect\1\version\ioq3 1.36 linux-x86_64 Apr 12 2009\protocol\68\mapname\q3dm17\gamename\baseq3\g_needpass\0
 16:36 ClientConnect: 2
 21:52 ShutdownGame:
  0:00 InitGame: \capturelimit\8\g_maxGameClients\0\timelimit\15\fraglimit\20\dmflags\0\bot_minplayers\0\sv_allowDownload\0\sv_maxclients\16\sv_privateClients\2\g_gametype\0\sv_hostname\Code Miner Server\sv_minRate\0\sv_maxRate\10000\sv_minPing\0\sv_maxPing\0\sv_floodProtect\1\version\ioq3 1.36 linux-x86_64 Apr 12 2009\protocol\68\mapname\Q3TOURNEY6_CTF\gamename\baseq3\g_needpass\0
  0:00 ClientConnect: 2
  3:47 ShutdownGame:
  0:00 InitGame: \capturelimit\8\g_maxGameClients\0\timelimit\15\fraglimit\20\dmflags\0\bot_minplayers\0\sv_allowDownload\0\sv_maxclients\16\sv_privateClients\2\g_gametype\4\sv_hostname\Code Miner Server\sv_minRate\0\sv_maxRate\10000\sv_minPing\0\sv_maxPing\0\sv_floodProtect\1\version\ioq3 1.36 linux-x86_64 Apr 12 2009\protocol\68\mapname\Q3TOURNEY6_CTF\gamename\baseq3\g_needpass\0
  0:00 ClientConnect: 3
  2:33 ShutdownGame:
  2:33 InitGame: \capturelimit\8\g_maxGameClients\0\timelimit\15\fraglimit\20\dmflags\0\bot_minplayers\0\sv_allowDownload\0\sv_maxclients\16\sv_privateClients\2\g_gametype\4\sv_hostname\Code Miner Server\sv_minRate\0\sv_maxRate\10000\sv_minPing\0\sv_maxPing\0\sv_floodProtect\1\version\ioq3 1.36 linux-x86_64 Apr 12 2009\protocol\68\mapname\Q3TOURNEY6_CTF\gamename\baseq3\g_needpass\0
  2:33 ClientConnect: 2
 10:28 ShutdownGame:
 10:28 InitGame: \capturelimit\8\g_maxGameClients\0\timelimit\15\fraglimit\20\dmflags\0\bot_minplayers\0\sv_allowDownload\0\sv_maxclients\16\sv_privateClients\2\g_gametype\4\sv_hostname\Code Miner Server\sv_minRate\0\sv_maxRate\10000\sv_minPing\0\sv_maxPing\0\sv_floodProtect\1\version\ioq3 1.36 linux-x86_64 Apr 12 2009\protocol\68\mapname\Q3TOURNEY6_CTF\gamename\baseq3\g_needpass\0
 10:28 ClientConnect: 2
 11:03 ShutdownGame:
 11:03 InitGame: \capturelimit\8\g_maxGameClients\0\timelimit\15\fraglimit\20\dmflags\0\bot_minplayers\0\sv_allowDownload\0\sv_maxclients\16\sv_privateClients\2\g_gametype\4\sv_hostname\Code Miner Server\sv_minRate\0\sv_maxRate\10000\sv_minPing\0\sv_maxPing\0\sv_floodProtect\1\version\ioq3 1.36 linux-x86_64 Apr 12 2009\protocol\68\mapname\Q3TOURNEY6_CTF\gamename\baseq3\g_needpass\0
 11:04 ClientConnect: 2
 16:53 ShutdownGame:
 16:53 InitGame: \capturelimit\8\g_maxGameClients\0\timelimit\15\fraglimit\20\dmflags\0\bot_minplayers\0\sv_allowDownload\0\sv_maxclients\16\sv_privateClients\2\g_gametype\4\sv_hostname\Code Miner Server\sv_minRate\0\sv_maxRate\10000\sv_minPing\0\sv_maxPing\0\sv_floodProtect\1\version\ioq3 1.36 linux-x86_64 Apr 12 2009\protocol\68\mapname\Q3TOURNEY6_CTF\gamename\baseq3\g_needpass\0
 16:53 ClientConnect: 4
981:27 ShutdownGame:
981:27 InitGame: \capturelimit\8\g_maxGameClients\0\timelimit\15\fraglimit\20\dmflags\0\bot_minplayers\0\sv_allowDownload\0\sv_maxclients\16\sv_privateClients\2\g_gametype\4\sv_hostname\Code Miner Server\sv_minRate\0\sv_maxRate\10000\sv_minPing\0\sv_maxPing\0\sv_floodProtect\1\version\ioq3 1.36 linux-x86_64 Apr 12 2009\protocol\68\mapname\Q3TOURNEY6_CTF\gamename\baseq3\g_needpass\0
981:27 ClientConnect: 2
981:39 ShutdownGame:
  0:00 InitGame: \capturelimit\8\g_maxGameClients\0\timelimit\15\fraglimit\20\dmflags\0\bot_minplayers\0\sv_allowDownload\0\sv_maxclients\16\sv_privateClients\2\g_gametype\4\sv_hostname\Code Miner Server\sv_minRate\0\sv_maxRate\10000\sv_minPing\0\sv_maxPing\0\sv_floodProtect\1\version\ioq3 1.36 linux-x86_64 Apr 12 2009\protocol\68\mapname\q3dm17\gamename\baseq3\g_needpass\0
  0:00 ClientConnect: 2
  1:53 ShutdownGame:
  0:00 InitGame: \capturelimit\8\g_maxGameClients\0\timelimit\15\fraglimit\20\dmflags\0\bot_minplayers\0\sv_allowDownload\0\sv_maxclients\16\sv_privateClients\2\g_gametype\= 0\sv_hostname\Code Miner Server\sv_minRate\0\sv_maxRate\10000\sv_minPing\0\sv_maxPing\0\sv_floodProtect\1\version\ioq3 1.36 linux-x86_64 Apr 12 2009\protocol\68\mapname\q3dm17\gamename\baseq3\g_needpass\0
  0:00 ClientConnect: 2
  0:35 ShutdownGame:
  0:35 InitGame: \capturelimit\8\g_maxGameClients\0\timelimit\15\fraglimit\20\dmflags\0\bot_minplayers\0\sv_allowDownload\0\sv_maxclients\16\sv_privateClients\2\g_gametype\= 0\sv_hostname\Code Miner Server\sv_minRate\0\sv_maxRate\10000\sv_minPing\0\sv_maxPing\0\sv_floodProtect\1\version\ioq3 1.36 linux-x86_64 Apr 12 2009\protocol\68\mapname\q3dm17\gamename\baseq3\g_needpass\0
  0:35 ClientConnect: 2
  6:10 ShutdownGame:
  6:10 InitGame: \capturelimit\8\g_maxGameClients\0\timelimit\15\fraglimit\20\dmflags\0\bot_minplayers\0\sv_allowDownload\0\sv_maxclients\16\sv_privateClients\2\g_gametype\= 0\sv_hostname\Code Miner Server\sv_minRate\0\sv_maxRate\10000\sv_minPing\0\sv_maxPing\0\sv_floodProtect\1\version\ioq3 1.36 linux-x86_64 Apr 12 2009\protocol\68\mapname\q3dm17\gamename\baseq3\g_needpass\0
  6:10 ClientConnect: 2
  6:34 ShutdownGame:
  6:34 InitGame: \capturelimit\8\g_maxGameClients\0\timelimit\15\fraglimit\20\dmflags\0\bot_minplayers\0\sv_allowDownload\0\sv_maxclients\16\sv_privateClients\2\g_gametype\= 0\sv_hostname\Code Miner Server\sv_minRate\0\sv_maxRate\10000\sv_minPing\0\sv_maxPing\0\sv_floodProtect\1\version\ioq3 1.36 linux-x86_64 Apr 12 2009\protocol\68\mapname\q3dm17\gamename\baseq3\g_needpass\0
  6:34 ClientConnect: 2
 14:11 ShutdownGame: